<?xml version="1.0" encoding="UTF-8"?>
<!-- Generated by org.testng.reporters.JUnitReportReporter -->
<testsuite skipped="0" hostname="DESKTOP-6IP7VMK" name="test.LoginPage_Test" tests="1" failures="0" timestamp="2021-04-04T14:38:41 EDT" time="13.392" errors="0">
  <testcase name="login_Test" time="13.392" classname="test.LoginPage_Test"/>
  <system-out/>
</testsuite> <!-- test.LoginPage_Test -->
